<?xml version="1.0" encoding="UTF-8"?>
<!-- Generated by org.testng.reporters.JUnitReportReporter -->
<testsuite hostname="DESKTOP-OJULOH6" failures="0" tests="1" name="PopuUps.AuthenticationPopup" time="5.165" errors="0" timestamp="2024-08-31T15:17:34 IST" skipped="0">
  <testcase classname="PopuUps.AuthenticationPopup" name="AuthenticationPopup" time="5.165"/>
  <system-out/>
</testsuite> <!-- PopuUps.AuthenticationPopup -->
