<?xml version="1.0" encoding="UTF-8"?>
<!-- Generated by org.testng.reporters.JUnitReportReporter -->
<testsuite hostname="DESKTOP-OJULOH6" failures="0" tests="2" name="TestNGPractice.HardAssert" time="0.009" errors="0" timestamp="2024-09-02T10:44:59 IST" skipped="0">
  <testcase classname="TestNGPractice.HardAssert" name="m2" time="0.001"/>
  <system-out/>
  <testcase classname="TestNGPractice.HardAssert" name="m1" time="0.008"/>
  <system-out/>
</testsuite> <!-- TestNGPractice.HardAssert -->
