<?xml version="1.0" encoding="UTF-8"?>
<!-- Generated by org.testng.reporters.JUnitReportReporter -->
<testsuite hostname="DESKTOP-OJULOH6" failures="0" tests="1" name="PopuUps.AlertPopUpsEx" time="7.206" errors="0" timestamp="2024-09-17T15:31:53 IST" skipped="0">
  <testcase classname="PopuUps.AlertPopUpsEx" name="AlertPopUpsEx" time="7.206"/>
  <system-out/>
</testsuite> <!-- PopuUps.AlertPopUpsEx -->
