<?xml version="1.0" encoding="UTF-8"?>
<!-- Generated by org.testng.reporters.JUnitReportReporter -->
<testsuite hostname="DESKTOP-OJULOH6" failures="0" tests="1" name="Demo.Assignment_2" time="10.876" errors="0" timestamp="2024-09-02T10:35:28 IST" skipped="0">
  <testcase classname="Demo.Assignment_2" name="Assignment_2" time="10.876"/>
  <system-out/>
</testsuite> <!-- Demo.Assignment_2 -->
