<?xml version="1.0" encoding="UTF-8"?>
<!-- Generated by org.testng.reporters.JUnitReportReporter -->
<testsuite hostname="DESKTOP-OJULOH6" failures="0" tests="3" name="TestNGPractice.SampleTest" time="0.008" errors="0" timestamp="2024-08-31T10:48:42 IST" skipped="0">
  <testcase classname="TestNGPractice.SampleTest" name="deleteContact" time="0.001"/>
  <system-out/>
  <testcase classname="TestNGPractice.SampleTest" name="CreateContact" time="0.006"/>
  <system-out/>
  <testcase classname="TestNGPractice.SampleTest" name="ModifyContact" time="0.001"/>
  <system-out/>
</testsuite> <!-- TestNGPractice.SampleTest -->
